<?xml version="1.0" encoding="UTF-8"?>
<!-- Generated by org.testng.reporters.JUnitReportReporter -->
<testsuite skipped="0" hostname="DESKTOP-HPL8NGF" name="Org.kjh.Nikhil2" tests="1" failures="0" timestamp="2021-05-15T10:11:17 IST" time="0.008" errors="0">
  <testcase name="testCase" time="0.008" classname="Org.kjh.Nikhil2"/>
  <system-out/>
</testsuite> <!-- Org.kjh.Nikhil2 -->
