<?xml version="1.0" encoding="UTF-8"?>
<!-- Generated by org.testng.reporters.JUnitReportReporter -->
<testsuite skipped="0" hostname="DESKTOP-HPL8NGF" name="Org.kjh.BasicClass" tests="1" failures="0" timestamp="2021-05-15T10:29:09 IST" time="0.025" errors="0">
  <testcase name="test1" time="0.025" classname="Org.kjh.BasicClass"/>
  <system-out/>
</testsuite> <!-- Org.kjh.BasicClass -->
