<?xml version="1.0" encoding="UTF-8"?>
<!-- Generated by org.testng.reporters.JUnitReportReporter -->
<testsuite skipped="0" hostname="DESKTOP-HPL8NGF" name="Org.kjh.BaseClass" tests="1" failures="0" timestamp="2021-06-12T12:14:59 IST" time="13.789" errors="0">
  <testcase name="tsetCase" time="13.789" classname="Org.kjh.BaseClass"/>
  <system-out/>
</testsuite> <!-- Org.kjh.BaseClass -->
